{"/home/redfoxfinn/Projects/WebstormProjects/fullStack2019/5/blogisovelma/blogisovellus_back/controllers/apiController.js": {"path":"/home/redfoxfinn/Projects/WebstormProjects/fullStack2019/5/blogisovelma/blogisovellus_back/controllers/apiController.js","statementMap":{"0":{"start":{"line":1,"column":15},"end":{"line":1,"column":44}},"1":{"start":{"line":2,"column":16},"end":{"line":2,"column":34}},"2":{"start":{"line":3,"column":12},"end":{"line":3,"column":21}},"3":{"start":{"line":4,"column":19},"end":{"line":4,"column":41}},"4":{"start":{"line":5,"column":13},"end":{"line":5,"column":28}},"5":{"start":{"line":6,"column":13},"end":{"line":6,"column":46}},"6":{"start":{"line":7,"column":13},"end":{"line":7,"column":46}},"7":{"start":{"line":8,"column":10},"end":{"line":8,"column":27}},"8":{"start":{"line":9,"column":15},"end":{"line":9,"column":32}},"9":{"start":{"line":10,"column":12},"end":{"line":10,"column":35}},"10":{"start":{"line":12,"column":0},"end":{"line":12,"column":16}},"11":{"start":{"line":13,"column":0},"end":{"line":13,"column":27}},"12":{"start":{"line":15,"column":21},"end":{"line":21,"column":1}},"13":{"start":{"line":16,"column":24},"end":{"line":16,"column":52}},"14":{"start":{"line":17,"column":2},"end":{"line":19,"column":3}},"15":{"start":{"line":18,"column":4},"end":{"line":18,"column":38}},"16":{"start":{"line":20,"column":2},"end":{"line":20,"column":14}},"17":{"start":{"line":23,"column":15},"end":{"line":25,"column":1}},"18":{"start":{"line":24,"column":2},"end":{"line":24,"column":42}},"19":{"start":{"line":27,"column":0},"end":{"line":35,"column":3}},"20":{"start":{"line":28,"column":2},"end":{"line":34,"column":3}},"21":{"start":{"line":29,"column":16},"end":{"line":29,"column":53}},"22":{"start":{"line":30,"column":4},"end":{"line":30,"column":39}},"23":{"start":{"line":30,"column":27},"end":{"line":30,"column":37}},"24":{"start":{"line":31,"column":4},"end":{"line":31,"column":37}},"25":{"start":{"line":33,"column":4},"end":{"line":33,"column":58}},"26":{"start":{"line":37,"column":0},"end":{"line":45,"column":3}},"27":{"start":{"line":38,"column":2},"end":{"line":44,"column":3}},"28":{"start":{"line":39,"column":15},"end":{"line":39,"column":75}},"29":{"start":{"line":40,"column":4},"end":{"line":40,"column":37}},"30":{"start":{"line":40,"column":25},"end":{"line":40,"column":35}},"31":{"start":{"line":41,"column":4},"end":{"line":41,"column":36}},"32":{"start":{"line":43,"column":4},"end":{"line":43,"column":65}},"33":{"start":{"line":47,"column":0},"end":{"line":69,"column":3}},"34":{"start":{"line":48,"column":15},"end":{"line":48,"column":27}},"35":{"start":{"line":49,"column":2},"end":{"line":68,"column":3}},"36":{"start":{"line":50,"column":23},"end":{"line":50,"column":25}},"37":{"start":{"line":51,"column":25},"end":{"line":51,"column":63}},"38":{"start":{"line":52,"column":18},"end":{"line":52,"column":60}},"39":{"start":{"line":54,"column":4},"end":{"line":65,"column":5}},"40":{"start":{"line":55,"column":22},"end":{"line":60,"column":8}},"41":{"start":{"line":61,"column":19},"end":{"line":61,"column":39}},"42":{"start":{"line":62,"column":6},"end":{"line":62,"column":38}},"43":{"start":{"line":64,"column":6},"end":{"line":64,"column":64}},"44":{"start":{"line":67,"column":4},"end":{"line":67,"column":64}},"45":{"start":{"line":71,"column":0},"end":{"line":79,"column":3}},"46":{"start":{"line":72,"column":2},"end":{"line":78,"column":3}},"47":{"start":{"line":73,"column":16},"end":{"line":73,"column":55}},"48":{"start":{"line":74,"column":4},"end":{"line":74,"column":39}},"49":{"start":{"line":74,"column":27},"end":{"line":74,"column":37}},"50":{"start":{"line":75,"column":4},"end":{"line":75,"column":37}},"51":{"start":{"line":77,"column":4},"end":{"line":77,"column":58}},"52":{"start":{"line":81,"column":0},"end":{"line":89,"column":3}},"53":{"start":{"line":82,"column":2},"end":{"line":88,"column":3}},"54":{"start":{"line":83,"column":16},"end":{"line":83,"column":77}},"55":{"start":{"line":84,"column":4},"end":{"line":84,"column":39}},"56":{"start":{"line":84,"column":27},"end":{"line":84,"column":37}},"57":{"start":{"line":85,"column":4},"end":{"line":85,"column":37}},"58":{"start":{"line":87,"column":4},"end":{"line":87,"column":62}},"59":{"start":{"line":91,"column":0},"end":{"line":123,"column":3}},"60":{"start":{"line":92,"column":15},"end":{"line":92,"column":27}},"61":{"start":{"line":93,"column":16},"end":{"line":93,"column":37}},"62":{"start":{"line":95,"column":2},"end":{"line":122,"column":3}},"63":{"start":{"line":96,"column":25},"end":{"line":96,"column":38}},"64":{"start":{"line":98,"column":4},"end":{"line":100,"column":5}},"65":{"start":{"line":99,"column":6},"end":{"line":99,"column":76}},"66":{"start":{"line":102,"column":17},"end":{"line":102,"column":53}},"67":{"start":{"line":104,"column":4},"end":{"line":119,"column":5}},"68":{"start":{"line":105,"column":22},"end":{"line":111,"column":8}},"69":{"start":{"line":113,"column":24},"end":{"line":113,"column":44}},"70":{"start":{"line":114,"column":6},"end":{"line":114,"column":52}},"71":{"start":{"line":115,"column":6},"end":{"line":115,"column":24}},"72":{"start":{"line":116,"column":6},"end":{"line":116,"column":43}},"73":{"start":{"line":118,"column":6},"end":{"line":118,"column":75}},"74":{"start":{"line":121,"column":4},"end":{"line":121,"column":68}},"75":{"start":{"line":125,"column":0},"end":{"line":153,"column":3}},"76":{"start":{"line":127,"column":16},"end":{"line":127,"column":37}},"77":{"start":{"line":129,"column":2},"end":{"line":152,"column":3}},"78":{"start":{"line":131,"column":25},"end":{"line":131,"column":38}},"79":{"start":{"line":133,"column":4},"end":{"line":135,"column":5}},"80":{"start":{"line":134,"column":6},"end":{"line":134,"column":76}},"81":{"start":{"line":137,"column":17},"end":{"line":137,"column":53}},"82":{"start":{"line":138,"column":17},"end":{"line":138,"column":55}},"83":{"start":{"line":140,"column":4},"end":{"line":142,"column":5}},"84":{"start":{"line":141,"column":6},"end":{"line":141,"column":71}},"85":{"start":{"line":144,"column":4},"end":{"line":149,"column":9}},"86":{"start":{"line":146,"column":8},"end":{"line":146,"column":35}},"87":{"start":{"line":148,"column":8},"end":{"line":148,"column":68}},"88":{"start":{"line":151,"column":4},"end":{"line":151,"column":64}},"89":{"start":{"line":155,"column":0},"end":{"line":189,"column":3}},"90":{"start":{"line":157,"column":16},"end":{"line":157,"column":37}},"91":{"start":{"line":159,"column":2},"end":{"line":188,"column":3}},"92":{"start":{"line":161,"column":25},"end":{"line":161,"column":38}},"93":{"start":{"line":163,"column":4},"end":{"line":165,"column":5}},"94":{"start":{"line":164,"column":6},"end":{"line":164,"column":76}},"95":{"start":{"line":167,"column":17},"end":{"line":167,"column":53}},"96":{"start":{"line":168,"column":17},"end":{"line":168,"column":55}},"97":{"start":{"line":170,"column":4},"end":{"line":172,"column":5}},"98":{"start":{"line":171,"column":6},"end":{"line":171,"column":71}},"99":{"start":{"line":174,"column":19},"end":{"line":180,"column":5}},"100":{"start":{"line":181,"column":4},"end":{"line":184,"column":8}},"101":{"start":{"line":185,"column":4},"end":{"line":185,"column":38}},"102":{"start":{"line":187,"column":4},"end":{"line":187,"column":66}},"103":{"start":{"line":191,"column":0},"end":{"line":205,"column":3}},"104":{"start":{"line":192,"column":15},"end":{"line":192,"column":27}},"105":{"start":{"line":194,"column":15},"end":{"line":194,"column":60}},"106":{"start":{"line":195,"column":18},"end":{"line":195,"column":80}},"107":{"start":{"line":197,"column":2},"end":{"line":204,"column":3}},"108":{"start":{"line":198,"column":4},"end":{"line":198,"column":78}},"109":{"start":{"line":200,"column":25},"end":{"line":200,"column":64}},"110":{"start":{"line":201,"column":18},"end":{"line":201,"column":55}},"111":{"start":{"line":203,"column":4},"end":{"line":203,"column":81}},"112":{"start":{"line":207,"column":0},"end":{"line":207,"column":21}}},"fnMap":{"0":{"name":"(anonymous_0)","decl":{"start":{"line":15,"column":21},"end":{"line":15,"column":22}},"loc":{"start":{"line":15,"column":32},"end":{"line":21,"column":1}},"line":15},"1":{"name":"(anonymous_1)","decl":{"start":{"line":23,"column":15},"end":{"line":23,"column":16}},"loc":{"start":{"line":23,"column":24},"end":{"line":25,"column":1}},"line":23},"2":{"name":"(anonymous_2)","decl":{"start":{"line":27,"column":22},"end":{"line":27,"column":23}},"loc":{"start":{"line":27,"column":51},"end":{"line":35,"column":1}},"line":27},"3":{"name":"(anonymous_3)","decl":{"start":{"line":30,"column":22},"end":{"line":30,"column":23}},"loc":{"start":{"line":30,"column":27},"end":{"line":30,"column":37}},"line":30},"4":{"name":"(anonymous_4)","decl":{"start":{"line":37,"column":30},"end":{"line":37,"column":31}},"loc":{"start":{"line":37,"column":59},"end":{"line":45,"column":1}},"line":37},"5":{"name":"(anonymous_5)","decl":{"start":{"line":40,"column":20},"end":{"line":40,"column":21}},"loc":{"start":{"line":40,"column":25},"end":{"line":40,"column":35}},"line":40},"6":{"name":"(anonymous_6)","decl":{"start":{"line":47,"column":23},"end":{"line":47,"column":24}},"loc":{"start":{"line":47,"column":52},"end":{"line":69,"column":1}},"line":47},"7":{"name":"(anonymous_7)","decl":{"start":{"line":71,"column":22},"end":{"line":71,"column":23}},"loc":{"start":{"line":71,"column":51},"end":{"line":79,"column":1}},"line":71},"8":{"name":"(anonymous_8)","decl":{"start":{"line":74,"column":22},"end":{"line":74,"column":23}},"loc":{"start":{"line":74,"column":27},"end":{"line":74,"column":37}},"line":74},"9":{"name":"(anonymous_9)","decl":{"start":{"line":81,"column":26},"end":{"line":81,"column":27}},"loc":{"start":{"line":81,"column":55},"end":{"line":89,"column":1}},"line":81},"10":{"name":"(anonymous_10)","decl":{"start":{"line":84,"column":22},"end":{"line":84,"column":23}},"loc":{"start":{"line":84,"column":27},"end":{"line":84,"column":37}},"line":84},"11":{"name":"(anonymous_11)","decl":{"start":{"line":91,"column":23},"end":{"line":91,"column":24}},"loc":{"start":{"line":91,"column":52},"end":{"line":123,"column":1}},"line":91},"12":{"name":"(anonymous_12)","decl":{"start":{"line":125,"column":29},"end":{"line":125,"column":30}},"loc":{"start":{"line":125,"column":58},"end":{"line":153,"column":1}},"line":125},"13":{"name":"(anonymous_13)","decl":{"start":{"line":145,"column":12},"end":{"line":145,"column":13}},"loc":{"start":{"line":145,"column":18},"end":{"line":147,"column":7}},"line":145},"14":{"name":"(anonymous_14)","decl":{"start":{"line":147,"column":15},"end":{"line":147,"column":16}},"loc":{"start":{"line":147,"column":21},"end":{"line":149,"column":7}},"line":147},"15":{"name":"(anonymous_15)","decl":{"start":{"line":155,"column":26},"end":{"line":155,"column":27}},"loc":{"start":{"line":155,"column":55},"end":{"line":189,"column":1}},"line":155},"16":{"name":"(anonymous_16)","decl":{"start":{"line":191,"column":24},"end":{"line":191,"column":25}},"loc":{"start":{"line":191,"column":53},"end":{"line":205,"column":1}},"line":191}},"branchMap":{"0":{"loc":{"start":{"line":17,"column":2},"end":{"line":19,"column":3}},"type":"if","locations":[{"start":{"line":17,"column":2},"end":{"line":19,"column":3}},{"start":{"line":17,"column":2},"end":{"line":19,"column":3}}],"line":17},"1":{"loc":{"start":{"line":17,"column":6},"end":{"line":17,"column":72}},"type":"binary-expr","locations":[{"start":{"line":17,"column":6},"end":{"line":17,"column":19}},{"start":{"line":17,"column":23},"end":{"line":17,"column":72}}],"line":17},"2":{"loc":{"start":{"line":54,"column":4},"end":{"line":65,"column":5}},"type":"if","locations":[{"start":{"line":54,"column":4},"end":{"line":65,"column":5}},{"start":{"line":54,"column":4},"end":{"line":65,"column":5}}],"line":54},"3":{"loc":{"start":{"line":54,"column":8},"end":{"line":54,"column":121}},"type":"binary-expr","locations":[{"start":{"line":54,"column":8},"end":{"line":54,"column":27}},{"start":{"line":54,"column":31},"end":{"line":54,"column":56}},{"start":{"line":54,"column":60},"end":{"line":54,"column":81}},{"start":{"line":54,"column":85},"end":{"line":54,"column":103}},{"start":{"line":54,"column":107},"end":{"line":54,"column":121}}],"line":54},"4":{"loc":{"start":{"line":98,"column":4},"end":{"line":100,"column":5}},"type":"if","locations":[{"start":{"line":98,"column":4},"end":{"line":100,"column":5}},{"start":{"line":98,"column":4},"end":{"line":100,"column":5}}],"line":98},"5":{"loc":{"start":{"line":98,"column":8},"end":{"line":98,"column":34}},"type":"binary-expr","locations":[{"start":{"line":98,"column":8},"end":{"line":98,"column":14}},{"start":{"line":98,"column":18},"end":{"line":98,"column":34}}],"line":98},"6":{"loc":{"start":{"line":104,"column":4},"end":{"line":119,"column":5}},"type":"if","locations":[{"start":{"line":104,"column":4},"end":{"line":119,"column":5}},{"start":{"line":104,"column":4},"end":{"line":119,"column":5}}],"line":104},"7":{"loc":{"start":{"line":109,"column":15},"end":{"line":109,"column":42}},"type":"cond-expr","locations":[{"start":{"line":109,"column":28},"end":{"line":109,"column":38}},{"start":{"line":109,"column":41},"end":{"line":109,"column":42}}],"line":109},"8":{"loc":{"start":{"line":133,"column":4},"end":{"line":135,"column":5}},"type":"if","locations":[{"start":{"line":133,"column":4},"end":{"line":135,"column":5}},{"start":{"line":133,"column":4},"end":{"line":135,"column":5}}],"line":133},"9":{"loc":{"start":{"line":133,"column":8},"end":{"line":133,"column":34}},"type":"binary-expr","locations":[{"start":{"line":133,"column":8},"end":{"line":133,"column":14}},{"start":{"line":133,"column":18},"end":{"line":133,"column":34}}],"line":133},"10":{"loc":{"start":{"line":140,"column":4},"end":{"line":142,"column":5}},"type":"if","locations":[{"start":{"line":140,"column":4},"end":{"line":142,"column":5}},{"start":{"line":140,"column":4},"end":{"line":142,"column":5}}],"line":140},"11":{"loc":{"start":{"line":163,"column":4},"end":{"line":165,"column":5}},"type":"if","locations":[{"start":{"line":163,"column":4},"end":{"line":165,"column":5}},{"start":{"line":163,"column":4},"end":{"line":165,"column":5}}],"line":163},"12":{"loc":{"start":{"line":163,"column":8},"end":{"line":163,"column":34}},"type":"binary-expr","locations":[{"start":{"line":163,"column":8},"end":{"line":163,"column":14}},{"start":{"line":163,"column":18},"end":{"line":163,"column":34}}],"line":163},"13":{"loc":{"start":{"line":170,"column":4},"end":{"line":172,"column":5}},"type":"if","locations":[{"start":{"line":170,"column":4},"end":{"line":172,"column":5}},{"start":{"line":170,"column":4},"end":{"line":172,"column":5}}],"line":170},"14":{"loc":{"start":{"line":195,"column":18},"end":{"line":195,"column":80}},"type":"cond-expr","locations":[{"start":{"line":195,"column":34},"end":{"line":195,"column":39}},{"start":{"line":195,"column":42},"end":{"line":195,"column":80}}],"line":195},"15":{"loc":{"start":{"line":197,"column":2},"end":{"line":204,"column":3}},"type":"if","locations":[{"start":{"line":197,"column":2},"end":{"line":204,"column":3}},{"start":{"line":197,"column":2},"end":{"line":204,"column":3}}],"line":197},"16":{"loc":{"start":{"line":197,"column":8},"end":{"line":197,"column":23}},"type":"binary-expr","locations":[{"start":{"line":197,"column":8},"end":{"line":197,"column":12}},{"start":{"line":197,"column":16},"end":{"line":197,"column":23}}],"line":197}},"s":{"0":1,"1":1,"2":1,"3":1,"4":1,"5":1,"6":1,"7":1,"8":1,"9":1,"10":1,"11":1,"12":1,"13":9,"14":9,"15":5,"16":4,"17":1,"18":9,"19":1,"20":0,"21":0,"22":0,"23":0,"24":0,"25":0,"26":1,"27":0,"28":0,"29":0,"30":0,"31":0,"32":0,"33":1,"34":3,"35":3,"36":3,"37":3,"38":3,"39":3,"40":2,"41":2,"42":2,"43":1,"44":0,"45":1,"46":4,"47":4,"48":4,"49":24,"50":4,"51":0,"52":1,"53":2,"54":2,"55":1,"56":1,"57":1,"58":1,"59":1,"60":5,"61":5,"62":5,"63":5,"64":1,"65":0,"66":1,"67":1,"68":1,"69":1,"70":1,"71":1,"72":1,"73":0,"74":4,"75":1,"76":2,"77":2,"78":2,"79":2,"80":0,"81":2,"82":2,"83":1,"84":0,"85":1,"86":1,"87":0,"88":1,"89":1,"90":2,"91":2,"92":2,"93":2,"94":0,"95":2,"96":2,"97":1,"98":0,"99":1,"100":1,"101":1,"102":1,"103":1,"104":3,"105":3,"106":3,"107":3,"108":1,"109":2,"110":2,"111":2,"112":1},"f":{"0":9,"1":9,"2":0,"3":0,"4":0,"5":0,"6":3,"7":4,"8":24,"9":2,"10":1,"11":5,"12":2,"13":1,"14":0,"15":2,"16":3},"b":{"0":[5,4],"1":[9,5],"2":[2,1],"3":[3,3,3,3,1],"4":[0,1],"5":[1,1],"6":[1,0],"7":[1,0],"8":[0,2],"9":[2,2],"10":[0,1],"11":[0,2],"12":[2,2],"13":[0,1],"14":[1,2],"15":[1,2],"16":[3,2]},"_coverageSchema":"43e27e138ebf9cfc5966b082cf9a028302ed4184","hash":"7e46b32310ec7b9d4f87608379fed7d43947f04c"}
,"/home/redfoxfinn/Projects/WebstormProjects/fullStack2019/5/blogisovelma/blogisovellus_back/models/blogModel.js": {"path":"/home/redfoxfinn/Projects/WebstormProjects/fullStack2019/5/blogisovelma/blogisovellus_back/models/blogModel.js","statementMap":{"0":{"start":{"line":1,"column":17},"end":{"line":1,"column":36}},"1":{"start":{"line":3,"column":19},"end":{"line":9,"column":2}},"2":{"start":{"line":11,"column":0},"end":{"line":17,"column":3}},"3":{"start":{"line":13,"column":4},"end":{"line":13,"column":54}},"4":{"start":{"line":14,"column":4},"end":{"line":14,"column":30}},"5":{"start":{"line":15,"column":4},"end":{"line":15,"column":30}},"6":{"start":{"line":19,"column":18},"end":{"line":19,"column":52}},"7":{"start":{"line":21,"column":0},"end":{"line":21,"column":27}}},"fnMap":{"0":{"name":"(anonymous_0)","decl":{"start":{"line":12,"column":13},"end":{"line":12,"column":14}},"loc":{"start":{"line":12,"column":43},"end":{"line":16,"column":3}},"line":12}},"branchMap":{},"s":{"0":1,"1":1,"2":1,"3":26,"4":26,"5":26,"6":1,"7":1},"f":{"0":26},"b":{},"_coverageSchema":"43e27e138ebf9cfc5966b082cf9a028302ed4184","hash":"1a26a0e1e25d2f98895b89b0a9040e88b235ab3a"}
,"/home/redfoxfinn/Projects/WebstormProjects/fullStack2019/5/blogisovelma/blogisovellus_back/models/userModel.js": {"path":"/home/redfoxfinn/Projects/WebstormProjects/fullStack2019/5/blogisovelma/blogisovellus_back/models/userModel.js","statementMap":{"0":{"start":{"line":1,"column":17},"end":{"line":1,"column":36}},"1":{"start":{"line":2,"column":24},"end":{"line":2,"column":60}},"2":{"start":{"line":4,"column":19},"end":{"line":9,"column":2}},"3":{"start":{"line":11,"column":0},"end":{"line":18,"column":3}},"4":{"start":{"line":13,"column":4},"end":{"line":13,"column":54}},"5":{"start":{"line":14,"column":4},"end":{"line":14,"column":30}},"6":{"start":{"line":15,"column":4},"end":{"line":15,"column":30}},"7":{"start":{"line":16,"column":4},"end":{"line":16,"column":29}},"8":{"start":{"line":20,"column":0},"end":{"line":20,"column":35}},"9":{"start":{"line":22,"column":18},"end":{"line":22,"column":52}},"10":{"start":{"line":24,"column":0},"end":{"line":24,"column":27}}},"fnMap":{"0":{"name":"(anonymous_0)","decl":{"start":{"line":12,"column":13},"end":{"line":12,"column":14}},"loc":{"start":{"line":12,"column":43},"end":{"line":17,"column":3}},"line":12}},"branchMap":{},"s":{"0":1,"1":1,"2":1,"3":1,"4":28,"5":28,"6":28,"7":28,"8":1,"9":1,"10":1},"f":{"0":28},"b":{},"_coverageSchema":"43e27e138ebf9cfc5966b082cf9a028302ed4184","hash":"95c9cedea35a6edff22a0ad1727e06f9ca6366ee"}
,"/home/redfoxfinn/Projects/WebstormProjects/fullStack2019/5/blogisovelma/blogisovellus_back/utils/config.js": {"path":"/home/redfoxfinn/Projects/WebstormProjects/fullStack2019/5/blogisovelma/blogisovellus_back/utils/config.js","statementMap":{"0":{"start":{"line":1,"column":0},"end":{"line":3,"column":1}},"1":{"start":{"line":2,"column":2},"end":{"line":2,"column":29}},"2":{"start":{"line":5,"column":20},"end":{"line":5,"column":109}},"3":{"start":{"line":6,"column":13},"end":{"line":6,"column":29}},"4":{"start":{"line":7,"column":15},"end":{"line":7,"column":33}},"5":{"start":{"line":9,"column":0},"end":{"line":11,"column":2}}},"fnMap":{},"branchMap":{"0":{"loc":{"start":{"line":1,"column":0},"end":{"line":3,"column":1}},"type":"if","locations":[{"start":{"line":1,"column":0},"end":{"line":3,"column":1}},{"start":{"line":1,"column":0},"end":{"line":3,"column":1}}],"line":1},"1":{"loc":{"start":{"line":5,"column":20},"end":{"line":5,"column":109}},"type":"cond-expr","locations":[{"start":{"line":5,"column":55},"end":{"line":5,"column":78}},{"start":{"line":5,"column":81},"end":{"line":5,"column":109}}],"line":5}},"s":{"0":1,"1":1,"2":1,"3":1,"4":1,"5":1},"f":{},"b":{"0":[1,0],"1":[0,1]},"_coverageSchema":"43e27e138ebf9cfc5966b082cf9a028302ed4184","hash":"b66073a501027929a1063a20b05738a66a8a4d8c"}
,"/home/redfoxfinn/Projects/WebstormProjects/fullStack2019/5/blogisovelma/blogisovellus_back/utils/for_testing.js": {"path":"/home/redfoxfinn/Projects/WebstormProjects/fullStack2019/5/blogisovelma/blogisovellus_back/utils/for_testing.js","statementMap":{"0":{"start":{"line":1,"column":19},"end":{"line":6,"column":1}},"1":{"start":{"line":2,"column":2},"end":{"line":5,"column":14}},"2":{"start":{"line":8,"column":16},"end":{"line":16,"column":1}},"3":{"start":{"line":9,"column":18},"end":{"line":11,"column":3}},"4":{"start":{"line":10,"column":4},"end":{"line":10,"column":22}},"5":{"start":{"line":13,"column":2},"end":{"line":15,"column":44}},"6":{"start":{"line":18,"column":0},"end":{"line":20,"column":2}}},"fnMap":{"0":{"name":"(anonymous_0)","decl":{"start":{"line":1,"column":19},"end":{"line":1,"column":20}},"loc":{"start":{"line":1,"column":31},"end":{"line":6,"column":1}},"line":1},"1":{"name":"(anonymous_1)","decl":{"start":{"line":8,"column":16},"end":{"line":8,"column":17}},"loc":{"start":{"line":8,"column":27},"end":{"line":16,"column":1}},"line":8},"2":{"name":"(anonymous_2)","decl":{"start":{"line":9,"column":18},"end":{"line":9,"column":19}},"loc":{"start":{"line":9,"column":33},"end":{"line":11,"column":3}},"line":9}},"branchMap":{"0":{"loc":{"start":{"line":13,"column":9},"end":{"line":15,"column":43}},"type":"cond-expr","locations":[{"start":{"line":14,"column":4},"end":{"line":14,"column":5}},{"start":{"line":15,"column":4},"end":{"line":15,"column":43}}],"line":13}},"s":{"0":2,"1":3,"2":2,"3":3,"4":7,"5":3,"6":2},"f":{"0":3,"1":3,"2":7},"b":{"0":[1,2]},"_coverageSchema":"43e27e138ebf9cfc5966b082cf9a028302ed4184","hash":"7bbf70d315d90bf2fadc1b219891191f87c1d312"}
,"/home/redfoxfinn/Projects/WebstormProjects/fullStack2019/5/blogisovelma/blogisovellus_back/utils/list_helper.js": {"path":"/home/redfoxfinn/Projects/WebstormProjects/fullStack2019/5/blogisovelma/blogisovellus_back/utils/list_helper.js","statementMap":{"0":{"start":{"line":1,"column":10},"end":{"line":1,"column":27}},"1":{"start":{"line":3,"column":14},"end":{"line":5,"column":1}},"2":{"start":{"line":4,"column":2},"end":{"line":4,"column":11}},"3":{"start":{"line":7,"column":19},"end":{"line":15,"column":1}},"4":{"start":{"line":8,"column":18},"end":{"line":10,"column":3}},"5":{"start":{"line":9,"column":4},"end":{"line":9,"column":28}},"6":{"start":{"line":12,"column":2},"end":{"line":14,"column":29}},"7":{"start":{"line":17,"column":21},"end":{"line":29,"column":1}},"8":{"start":{"line":18,"column":14},"end":{"line":18,"column":18}},"9":{"start":{"line":19,"column":2},"end":{"line":27,"column":5}},"10":{"start":{"line":20,"column":4},"end":{"line":26,"column":5}},"11":{"start":{"line":21,"column":6},"end":{"line":21,"column":19}},"12":{"start":{"line":23,"column":6},"end":{"line":25,"column":7}},"13":{"start":{"line":24,"column":8},"end":{"line":24,"column":21}},"14":{"start":{"line":28,"column":2},"end":{"line":28,"column":72}},"15":{"start":{"line":31,"column":18},"end":{"line":38,"column":1}},"16":{"start":{"line":32,"column":18},"end":{"line":32,"column":44}},"17":{"start":{"line":33,"column":17},"end":{"line":33,"column":44}},"18":{"start":{"line":34,"column":20},"end":{"line":34,"column":76}},"19":{"start":{"line":35,"column":2},"end":{"line":37,"column":74}},"20":{"start":{"line":40,"column":18},"end":{"line":45,"column":1}},"21":{"start":{"line":41,"column":17},"end":{"line":41,"column":71}},"22":{"start":{"line":42,"column":2},"end":{"line":44,"column":78}},"23":{"start":{"line":47,"column":0},"end":{"line":53,"column":2}}},"fnMap":{"0":{"name":"(anonymous_0)","decl":{"start":{"line":3,"column":14},"end":{"line":3,"column":15}},"loc":{"start":{"line":3,"column":25},"end":{"line":5,"column":1}},"line":3},"1":{"name":"(anonymous_1)","decl":{"start":{"line":7,"column":19},"end":{"line":7,"column":20}},"loc":{"start":{"line":7,"column":30},"end":{"line":15,"column":1}},"line":7},"2":{"name":"(anonymous_2)","decl":{"start":{"line":8,"column":18},"end":{"line":8,"column":19}},"loc":{"start":{"line":8,"column":33},"end":{"line":10,"column":3}},"line":8},"3":{"name":"(anonymous_3)","decl":{"start":{"line":17,"column":21},"end":{"line":17,"column":22}},"loc":{"start":{"line":17,"column":32},"end":{"line":29,"column":1}},"line":17},"4":{"name":"(anonymous_4)","decl":{"start":{"line":19,"column":16},"end":{"line":19,"column":17}},"loc":{"start":{"line":19,"column":24},"end":{"line":27,"column":3}},"line":19},"5":{"name":"(anonymous_5)","decl":{"start":{"line":31,"column":18},"end":{"line":31,"column":19}},"loc":{"start":{"line":31,"column":29},"end":{"line":38,"column":1}},"line":31},"6":{"name":"(anonymous_6)","decl":{"start":{"line":40,"column":18},"end":{"line":40,"column":19}},"loc":{"start":{"line":40,"column":29},"end":{"line":45,"column":1}},"line":40}},"branchMap":{"0":{"loc":{"start":{"line":12,"column":9},"end":{"line":14,"column":28}},"type":"cond-expr","locations":[{"start":{"line":13,"column":4},"end":{"line":13,"column":5}},{"start":{"line":14,"column":4},"end":{"line":14,"column":28}}],"line":12},"1":{"loc":{"start":{"line":20,"column":4},"end":{"line":26,"column":5}},"type":"if","locations":[{"start":{"line":20,"column":4},"end":{"line":26,"column":5}},{"start":{"line":20,"column":4},"end":{"line":26,"column":5}}],"line":20},"2":{"loc":{"start":{"line":23,"column":6},"end":{"line":25,"column":7}},"type":"if","locations":[{"start":{"line":23,"column":6},"end":{"line":25,"column":7}},{"start":{"line":23,"column":6},"end":{"line":25,"column":7}}],"line":23},"3":{"loc":{"start":{"line":35,"column":9},"end":{"line":37,"column":73}},"type":"cond-expr","locations":[{"start":{"line":36,"column":4},"end":{"line":36,"column":5}},{"start":{"line":37,"column":4},"end":{"line":37,"column":73}}],"line":35},"4":{"loc":{"start":{"line":42,"column":9},"end":{"line":44,"column":78}},"type":"cond-expr","locations":[{"start":{"line":43,"column":4},"end":{"line":43,"column":5}},{"start":{"line":44,"column":4},"end":{"line":44,"column":78}}],"line":42}},"s":{"0":1,"1":1,"2":1,"3":1,"4":3,"5":7,"6":3,"7":1,"8":1,"9":1,"10":6,"11":1,"12":5,"13":1,"14":1,"15":1,"16":1,"17":1,"18":1,"19":1,"20":1,"21":1,"22":1,"23":1},"f":{"0":1,"1":3,"2":7,"3":1,"4":6,"5":1,"6":1},"b":{"0":[1,2],"1":[1,5],"2":[1,4],"3":[0,1],"4":[0,1]},"_coverageSchema":"43e27e138ebf9cfc5966b082cf9a028302ed4184","hash":"b4be927693de29593907ee82ccd4f7405033992a"}
,"/home/redfoxfinn/Projects/WebstormProjects/fullStack2019/5/blogisovelma/blogisovellus_back/utils/logger.js": {"path":"/home/redfoxfinn/Projects/WebstormProjects/fullStack2019/5/blogisovelma/blogisovellus_back/utils/logger.js","statementMap":{"0":{"start":{"line":1,"column":13},"end":{"line":5,"column":1}},"1":{"start":{"line":2,"column":2},"end":{"line":4,"column":3}},"2":{"start":{"line":3,"column":4},"end":{"line":3,"column":27}},"3":{"start":{"line":7,"column":14},"end":{"line":9,"column":1}},"4":{"start":{"line":8,"column":2},"end":{"line":8,"column":27}},"5":{"start":{"line":11,"column":0},"end":{"line":13,"column":2}}},"fnMap":{"0":{"name":"(anonymous_0)","decl":{"start":{"line":1,"column":13},"end":{"line":1,"column":14}},"loc":{"start":{"line":1,"column":28},"end":{"line":5,"column":1}},"line":1},"1":{"name":"(anonymous_1)","decl":{"start":{"line":7,"column":14},"end":{"line":7,"column":15}},"loc":{"start":{"line":7,"column":29},"end":{"line":9,"column":1}},"line":7}},"branchMap":{"0":{"loc":{"start":{"line":2,"column":2},"end":{"line":4,"column":3}},"type":"if","locations":[{"start":{"line":2,"column":2},"end":{"line":4,"column":3}},{"start":{"line":2,"column":2},"end":{"line":4,"column":3}}],"line":2}},"s":{"0":1,"1":16,"2":0,"3":1,"4":0,"5":1},"f":{"0":16,"1":0},"b":{"0":[0,16]},"_coverageSchema":"43e27e138ebf9cfc5966b082cf9a028302ed4184","hash":"6d43dc2bcf9bb9dae7d7cf1b98a17b2355ee1d92"}
}
