TN:
SF:/home/redfoxfinn/Projects/WebstormProjects/fullStack2019/5/blogisovelma/blogisovellus_back/controllers/apiController.js
FN:15,(anonymous_0)
FN:23,(anonymous_1)
FN:27,(anonymous_2)
FN:30,(anonymous_3)
FN:37,(anonymous_4)
FN:40,(anonymous_5)
FN:47,(anonymous_6)
FN:71,(anonymous_7)
FN:74,(anonymous_8)
FN:81,(anonymous_9)
FN:84,(anonymous_10)
FN:91,(anonymous_11)
FN:125,(anonymous_12)
FN:145,(anonymous_13)
FN:147,(anonymous_14)
FN:155,(anonymous_15)
FN:191,(anonymous_16)
FNF:17
FNH:12
FNDA:9,(anonymous_0)
FNDA:9,(anonymous_1)
FNDA:0,(anonymous_2)
FNDA:0,(anonymous_3)
FNDA:0,(anonymous_4)
FNDA:0,(anonymous_5)
FNDA:3,(anonymous_6)
FNDA:4,(anonymous_7)
FNDA:24,(anonymous_8)
FNDA:2,(anonymous_9)
FNDA:1,(anonymous_10)
FNDA:5,(anonymous_11)
FNDA:2,(anonymous_12)
FNDA:1,(anonymous_13)
FNDA:0,(anonymous_14)
FNDA:2,(anonymous_15)
FNDA:3,(anonymous_16)
DA:1,1
DA:2,1
DA:3,1
DA:4,1
DA:5,1
DA:6,1
DA:7,1
DA:8,1
DA:9,1
DA:10,1
DA:12,1
DA:13,1
DA:15,1
DA:16,9
DA:17,9
DA:18,5
DA:20,4
DA:23,1
DA:24,9
DA:27,1
DA:28,0
DA:29,0
DA:30,0
DA:31,0
DA:33,0
DA:37,1
DA:38,0
DA:39,0
DA:40,0
DA:41,0
DA:43,0
DA:47,1
DA:48,3
DA:49,3
DA:50,3
DA:51,3
DA:52,3
DA:54,3
DA:55,2
DA:61,2
DA:62,2
DA:64,1
DA:67,0
DA:71,1
DA:72,4
DA:73,4
DA:74,24
DA:75,4
DA:77,0
DA:81,1
DA:82,2
DA:83,2
DA:84,1
DA:85,1
DA:87,1
DA:91,1
DA:92,5
DA:93,5
DA:95,5
DA:96,5
DA:98,1
DA:99,0
DA:102,1
DA:104,1
DA:105,1
DA:113,1
DA:114,1
DA:115,1
DA:116,1
DA:118,0
DA:121,4
DA:125,1
DA:127,2
DA:129,2
DA:131,2
DA:133,2
DA:134,0
DA:137,2
DA:138,2
DA:140,1
DA:141,0
DA:144,1
DA:146,1
DA:148,0
DA:151,1
DA:155,1
DA:157,2
DA:159,2
DA:161,2
DA:163,2
DA:164,0
DA:167,2
DA:168,2
DA:170,1
DA:171,0
DA:174,1
DA:181,1
DA:185,1
DA:187,1
DA:191,1
DA:192,3
DA:194,3
DA:195,3
DA:197,3
DA:198,1
DA:200,2
DA:201,2
DA:203,2
DA:207,1
LF:109
LH:90
BRDA:17,0,0,5
BRDA:17,0,1,4
BRDA:17,1,0,9
BRDA:17,1,1,5
BRDA:54,2,0,2
BRDA:54,2,1,1
BRDA:54,3,0,3
BRDA:54,3,1,3
BRDA:54,3,2,3
BRDA:54,3,3,3
BRDA:54,3,4,1
BRDA:98,4,0,0
BRDA:98,4,1,1
BRDA:98,5,0,1
BRDA:98,5,1,1
BRDA:104,6,0,1
BRDA:104,6,1,0
BRDA:109,7,0,1
BRDA:109,7,1,0
BRDA:133,8,0,0
BRDA:133,8,1,2
BRDA:133,9,0,2
BRDA:133,9,1,2
BRDA:140,10,0,0
BRDA:140,10,1,1
BRDA:163,11,0,0
BRDA:163,11,1,2
BRDA:163,12,0,2
BRDA:163,12,1,2
BRDA:170,13,0,0
BRDA:170,13,1,1
BRDA:195,14,0,1
BRDA:195,14,1,2
BRDA:197,15,0,1
BRDA:197,15,1,2
BRDA:197,16,0,3
BRDA:197,16,1,2
BRF:37
BRH:30
end_of_record
TN:
SF:/home/redfoxfinn/Projects/WebstormProjects/fullStack2019/5/blogisovelma/blogisovellus_back/models/blogModel.js
FN:12,(anonymous_0)
FNF:1
FNH:1
FNDA:26,(anonymous_0)
DA:1,1
DA:3,1
DA:11,1
DA:13,26
DA:14,26
DA:15,26
DA:19,1
DA:21,1
LF:8
LH:8
BRF:0
BRH:0
end_of_record
TN:
SF:/home/redfoxfinn/Projects/WebstormProjects/fullStack2019/5/blogisovelma/blogisovellus_back/models/userModel.js
FN:12,(anonymous_0)
FNF:1
FNH:1
FNDA:28,(anonymous_0)
DA:1,1
DA:2,1
DA:4,1
DA:11,1
DA:13,28
DA:14,28
DA:15,28
DA:16,28
DA:20,1
DA:22,1
DA:24,1
LF:11
LH:11
BRF:0
BRH:0
end_of_record
TN:
SF:/home/redfoxfinn/Projects/WebstormProjects/fullStack2019/5/blogisovelma/blogisovellus_back/utils/config.js
FNF:0
FNH:0
DA:1,1
DA:2,1
DA:5,1
DA:6,1
DA:7,1
DA:9,1
LF:6
LH:6
BRDA:1,0,0,1
BRDA:1,0,1,0
BRDA:5,1,0,0
BRDA:5,1,1,1
BRF:4
BRH:2
end_of_record
TN:
SF:/home/redfoxfinn/Projects/WebstormProjects/fullStack2019/5/blogisovelma/blogisovellus_back/utils/for_testing.js
FN:1,(anonymous_0)
FN:8,(anonymous_1)
FN:9,(anonymous_2)
FNF:3
FNH:3
FNDA:3,(anonymous_0)
FNDA:3,(anonymous_1)
FNDA:7,(anonymous_2)
DA:1,2
DA:2,3
DA:8,2
DA:9,3
DA:10,7
DA:13,3
DA:18,2
LF:7
LH:7
BRDA:13,0,0,1
BRDA:13,0,1,2
BRF:2
BRH:2
end_of_record
TN:
SF:/home/redfoxfinn/Projects/WebstormProjects/fullStack2019/5/blogisovelma/blogisovellus_back/utils/list_helper.js
FN:3,(anonymous_0)
FN:7,(anonymous_1)
FN:8,(anonymous_2)
FN:17,(anonymous_3)
FN:19,(anonymous_4)
FN:31,(anonymous_5)
FN:40,(anonymous_6)
FNF:7
FNH:7
FNDA:1,(anonymous_0)
FNDA:3,(anonymous_1)
FNDA:7,(anonymous_2)
FNDA:1,(anonymous_3)
FNDA:6,(anonymous_4)
FNDA:1,(anonymous_5)
FNDA:1,(anonymous_6)
DA:1,1
DA:3,1
DA:4,1
DA:7,1
DA:8,3
DA:9,7
DA:12,3
DA:17,1
DA:18,1
DA:19,1
DA:20,6
DA:21,1
DA:23,5
DA:24,1
DA:28,1
DA:31,1
DA:32,1
DA:33,1
DA:34,1
DA:35,1
DA:40,1
DA:41,1
DA:42,1
DA:47,1
LF:24
LH:24
BRDA:12,0,0,1
BRDA:12,0,1,2
BRDA:20,1,0,1
BRDA:20,1,1,5
BRDA:23,2,0,1
BRDA:23,2,1,4
BRDA:35,3,0,0
BRDA:35,3,1,1
BRDA:42,4,0,0
BRDA:42,4,1,1
BRF:10
BRH:8
end_of_record
TN:
SF:/home/redfoxfinn/Projects/WebstormProjects/fullStack2019/5/blogisovelma/blogisovellus_back/utils/logger.js
FN:1,(anonymous_0)
FN:7,(anonymous_1)
FNF:2
FNH:1
FNDA:16,(anonymous_0)
FNDA:0,(anonymous_1)
DA:1,1
DA:2,16
DA:3,0
DA:7,1
DA:8,0
DA:11,1
LF:6
LH:4
BRDA:2,0,0,0
BRDA:2,0,1,16
BRF:2
BRH:1
end_of_record
